<?xml version="1.0" encoding="UTF-8"?>
<!-- Generated by org.testng.reporters.JUnitReportReporter -->
<testsuite hostname="LIN25008829" failures="0" tests="1" name="runner.TestRunner" time="26.638" errors="0" timestamp="2025-03-04T13:45:39 IST" skipped="0">
  <testcase classname="runner.TestRunner" name="runScenario" time="26.638"/>
  <system-out/>
</testsuite> <!-- runner.TestRunner -->
