<?xml version="1.0" encoding="UTF-8"?>
<!-- Generated by org.testng.reporters.JUnitReportReporter -->
<testsuite hostname="LIN25008829" failures="0" tests="1" name="runner.TestRunner" time="18.894" errors="0" timestamp="2025-03-04T12:12:22 IST" skipped="0">
  <testcase classname="runner.TestRunner" name="runScenario" time="18.894"/>
  <system-out/>
</testsuite> <!-- runner.TestRunner -->
